<?xml version="1.0" encoding="UTF-8"?>
<testsuite xmlns:xsi="http://www.w3.org/2001/XMLSchema-instance" xsi:noNamespaceSchemaLocation="https://maven.apache.org/surefire/maven-surefire-plugin/xsd/surefire-test-report-3.0.xsd" version="3.0" name="TestSuite" time="219.07" tests="10" errors="0" skipped="0" failures="3">
  <properties>
    <property name="sun.desktop" value="windows"/>
    <property name="awt.toolkit" value="sun.awt.windows.WToolkit"/>
    <property name="surefire.suiteXmlFiles" value="src\test\resources\testng-smoke.xml"/>
    <property name="java.specification.version" value="1.8"/>
    <property name="file.encoding.pkg" value="sun.io"/>
    <property name="webdriver.chrome.driver" value="C:\Users\дом\.cache\selenium\chromedriver\win32\102.0.5005.61\chromedriver.exe"/>
    <property name="sun.cpu.isalist" value="amd64"/>
    <property name="sun.jnu.encoding" value="Cp1251"/>
    <property name="java.class.path" value="C:\Users\дом\Prestashop\target\test-classes;C:\Users\дом\Prestashop\target\classes;C:\Users\дом\.m2\repository\org\testng\testng\7.0.0\testng-7.0.0.jar;C:\Users\дом\.m2\repository\com\beust\jcommander\1.72\jcommander-1.72.jar;C:\Users\дом\.m2\repository\org\seleniumhq\selenium\selenium-java\3.141.59\selenium-java-3.141.59.jar;C:\Users\дом\.m2\repository\org\seleniumhq\selenium\selenium-api\3.141.59\selenium-api-3.141.59.jar;C:\Users\дом\.m2\repository\org\seleniumhq\selenium\selenium-chrome-driver\3.141.59\selenium-chrome-driver-3.141.59.jar;C:\Users\дом\.m2\repository\org\seleniumhq\selenium\selenium-edge-driver\3.141.59\selenium-edge-driver-3.141.59.jar;C:\Users\дом\.m2\repository\org\seleniumhq\selenium\selenium-firefox-driver\3.141.59\selenium-firefox-driver-3.141.59.jar;C:\Users\дом\.m2\repository\org\seleniumhq\selenium\selenium-ie-driver\3.141.59\selenium-ie-driver-3.141.59.jar;C:\Users\дом\.m2\repository\org\seleniumhq\selenium\selenium-opera-driver\3.141.59\selenium-opera-driver-3.141.59.jar;C:\Users\дом\.m2\repository\org\seleniumhq\selenium\selenium-remote-driver\3.141.59\selenium-remote-driver-3.141.59.jar;C:\Users\дом\.m2\repository\org\seleniumhq\selenium\selenium-safari-driver\3.141.59\selenium-safari-driver-3.141.59.jar;C:\Users\дом\.m2\repository\org\seleniumhq\selenium\selenium-support\3.141.59\selenium-support-3.141.59.jar;C:\Users\дом\.m2\repository\net\bytebuddy\byte-buddy\1.8.15\byte-buddy-1.8.15.jar;C:\Users\дом\.m2\repository\org\apache\commons\commons-exec\1.3\commons-exec-1.3.jar;C:\Users\дом\.m2\repository\com\google\guava\guava\25.0-jre\guava-25.0-jre.jar;C:\Users\дом\.m2\repository\com\google\code\findbugs\jsr305\1.3.9\jsr305-1.3.9.jar;C:\Users\дом\.m2\repository\org\checkerframework\checker-compat-qual\2.0.0\checker-compat-qual-2.0.0.jar;C:\Users\дом\.m2\repository\com\google\errorprone\error_prone_annotations\2.1.3\error_prone_annotations-2.1.3.jar;C:\Users\дом\.m2\repository\com\google\j2objc\j2objc-annotations\1.1\j2objc-annotations-1.1.jar;C:\Users\дом\.m2\repository\org\codehaus\mojo\animal-sniffer-annotations\1.14\animal-sniffer-annotations-1.14.jar;C:\Users\дом\.m2\repository\com\squareup\okhttp3\okhttp\3.11.0\okhttp-3.11.0.jar;C:\Users\дом\.m2\repository\com\squareup\okio\okio\1.14.0\okio-1.14.0.jar;C:\Users\дом\.m2\repository\io\github\bonigarcia\webdrivermanager\5.1.0\webdrivermanager-5.1.0.jar;C:\Users\дом\.m2\repository\org\slf4j\slf4j-api\1.7.36\slf4j-api-1.7.36.jar;C:\Users\дом\.m2\repository\com\google\code\gson\gson\2.9.0\gson-2.9.0.jar;C:\Users\дом\.m2\repository\com\github\docker-java\docker-java\3.2.13\docker-java-3.2.13.jar;C:\Users\дом\.m2\repository\com\github\docker-java\docker-java-core\3.2.13\docker-java-core-3.2.13.jar;C:\Users\дом\.m2\repository\com\github\docker-java\docker-java-api\3.2.13\docker-java-api-3.2.13.jar;C:\Users\дом\.m2\repository\org\apache\commons\commons-compress\1.21\commons-compress-1.21.jar;C:\Users\дом\.m2\repository\org\bouncycastle\bcpkix-jdk15on\1.64\bcpkix-jdk15on-1.64.jar;C:\Users\дом\.m2\repository\org\bouncycastle\bcprov-jdk15on\1.64\bcprov-jdk15on-1.64.jar;C:\Users\дом\.m2\repository\org\slf4j\jcl-over-slf4j\1.7.30\jcl-over-slf4j-1.7.30.jar;C:\Users\дом\.m2\repository\com\github\docker-java\docker-java-transport-httpclient5\3.2.13\docker-java-transport-httpclient5-3.2.13.jar;C:\Users\дом\.m2\repository\com\github\docker-java\docker-java-transport\3.2.13\docker-java-transport-3.2.13.jar;C:\Users\дом\.m2\repository\org\apache\httpcomponents\client5\httpclient5\5.0.3\httpclient5-5.0.3.jar;C:\Users\дом\.m2\repository\org\apache\httpcomponents\core5\httpcore5\5.0.2\httpcore5-5.0.2.jar;C:\Users\дом\.m2\repository\net\java\dev\jna\jna\5.8.0\jna-5.8.0.jar;C:\Users\дом\.m2\repository\org\brotli\dec\0.1.2\dec-0.1.2.jar;C:\Users\дом\.m2\repository\org\apache\commons\commons-lang3\3.12.0\commons-lang3-3.12.0.jar;C:\Users\дом\.m2\repository\io\qameta\allure\allure-testng\2.7.0\allure-testng-2.7.0.jar;C:\Users\дом\.m2\repository\io\qameta\allure\allure-descriptions-javadoc\2.7.0\allure-descriptions-javadoc-2.7.0.jar;C:\Users\дом\.m2\repository\commons-io\commons-io\2.6\commons-io-2.6.jar;C:\Users\дом\.m2\repository\io\qameta\allure\allure-java-commons\2.7.0\allure-java-commons-2.7.0.jar;C:\Users\дом\.m2\repository\io\qameta\allure\allure2-model-api\1.0.0\allure2-model-api-1.0.0.jar;C:\Users\дом\.m2\repository\io\qameta\allure\allure2-model-pojo\1.0.0\allure2-model-pojo-1.0.0.jar;C:\Users\дом\.m2\repository\org\apache\tika\tika-core\1.14\tika-core-1.14.jar;C:\Users\дом\.m2\repository\io\qameta\allure\allure2-model-jackson\1.0.0\allure2-model-jackson-1.0.0.jar;C:\Users\дом\.m2\repository\com\fasterxml\jackson\module\jackson-module-jaxb-annotations\2.7.0\jackson-module-jaxb-annotations-2.7.0.jar;C:\Users\дом\.m2\repository\org\aspectj\aspectjrt\1.9.1\aspectjrt-1.9.1.jar;C:\Users\дом\.m2\repository\org\jooq\joor-java-8\0.9.9\joor-java-8-0.9.9.jar;C:\Users\дом\.m2\repository\org\aspectj\aspectjweaver\1.9.6\aspectjweaver-1.9.6.jar;C:\Users\дом\.m2\repository\org\apache\logging\log4j\log4j-core\2.17.2\log4j-core-2.17.2.jar;C:\Users\дом\.m2\repository\org\apache\logging\log4j\log4j-api\2.17.2\log4j-api-2.17.2.jar;C:\Users\дом\.m2\repository\com\fasterxml\jackson\dataformat\jackson-dataformat-yaml\2.13.2\jackson-dataformat-yaml-2.13.2.jar;C:\Users\дом\.m2\repository\com\fasterxml\jackson\core\jackson-databind\2.13.2\jackson-databind-2.13.2.jar;C:\Users\дом\.m2\repository\com\fasterxml\jackson\core\jackson-annotations\2.13.2\jackson-annotations-2.13.2.jar;C:\Users\дом\.m2\repository\org\yaml\snakeyaml\1.30\snakeyaml-1.30.jar;C:\Users\дом\.m2\repository\com\fasterxml\jackson\core\jackson-core\2.13.2\jackson-core-2.13.2.jar;C:\Users\дом\.m2\repository\org\slf4j\slf4j-reload4j\1.7.35\slf4j-reload4j-1.7.35.jar;C:\Users\дом\.m2\repository\ch\qos\reload4j\reload4j\1.2.18.3\reload4j-1.2.18.3.jar;C:\Users\дом\.m2\repository\io\rest-assured\rest-assured\4.4.0\rest-assured-4.4.0.jar;C:\Users\дом\.m2\repository\org\codehaus\groovy\groovy\3.0.8\groovy-3.0.8.jar;C:\Users\дом\.m2\repository\org\codehaus\groovy\groovy-xml\3.0.8\groovy-xml-3.0.8.jar;C:\Users\дом\.m2\repository\org\apache\httpcomponents\httpclient\4.5.13\httpclient-4.5.13.jar;C:\Users\дом\.m2\repository\org\apache\httpcomponents\httpcore\4.4.13\httpcore-4.4.13.jar;C:\Users\дом\.m2\repository\commons-logging\commons-logging\1.2\commons-logging-1.2.jar;C:\Users\дом\.m2\repository\commons-codec\commons-codec\1.11\commons-codec-1.11.jar;C:\Users\дом\.m2\repository\org\apache\httpcomponents\httpmime\4.5.13\httpmime-4.5.13.jar;C:\Users\дом\.m2\repository\org\hamcrest\hamcrest\2.1\hamcrest-2.1.jar;C:\Users\дом\.m2\repository\org\ccil\cowan\tagsoup\tagsoup\1.2.1\tagsoup-1.2.1.jar;C:\Users\дом\.m2\repository\io\rest-assured\json-path\4.4.0\json-path-4.4.0.jar;C:\Users\дом\.m2\repository\org\codehaus\groovy\groovy-json\3.0.8\groovy-json-3.0.8.jar;C:\Users\дом\.m2\repository\io\rest-assured\rest-assured-common\4.4.0\rest-assured-common-4.4.0.jar;C:\Users\дом\.m2\repository\io\rest-assured\xml-path\4.4.0\xml-path-4.4.0.jar;C:\Users\дом\.m2\repository\jakarta\xml\bind\jakarta.xml.bind-api\2.3.3\jakarta.xml.bind-api-2.3.3.jar;C:\Users\дом\.m2\repository\jakarta\activation\jakarta.activation-api\1.2.2\jakarta.activation-api-1.2.2.jar;C:\Users\дом\.m2\repository\com\sun\xml\bind\jaxb-impl\2.3.3\jaxb-impl-2.3.3.jar;C:\Users\дом\.m2\repository\org\projectlombok\lombok\1.18.22\lombok-1.18.22.jar;"/>
    <property name="java.vm.vendor" value="Oracle Corporation"/>
    <property name="sun.arch.data.model" value="64"/>
    <property name="user.variant" value=""/>
    <property name="java.vendor.url" value="http://java.oracle.com/"/>
    <property name="user.timezone" value="Europe/Helsinki"/>
    <property name="java.vm.specification.version" value="1.8"/>
    <property name="os.name" value="Windows 7"/>
    <property name="user.country" value="RU"/>
    <property name="sun.java.launcher" value="SUN_STANDARD"/>
    <property name="sun.boot.library.path" value="C:\Program Files\Java\jdk1.8.0_333\jre\bin"/>
    <property name="sun.java.command" value="C:\Users\дом\AppData\Local\Temp\surefire1133114959067326995\surefirebooter2789661336808580520.jar C:\Users\дом\AppData\Local\Temp\surefire1133114959067326995 2022-06-15T10-18-59_843-jvmRun1 surefire3789467327281085657tmp surefire_05551934041733540612tmp"/>
    <property name="surefire.test.class.path" value="C:\Users\дом\Prestashop\target\test-classes;C:\Users\дом\Prestashop\target\classes;C:\Users\дом\.m2\repository\org\testng\testng\7.0.0\testng-7.0.0.jar;C:\Users\дом\.m2\repository\com\beust\jcommander\1.72\jcommander-1.72.jar;C:\Users\дом\.m2\repository\org\seleniumhq\selenium\selenium-java\3.141.59\selenium-java-3.141.59.jar;C:\Users\дом\.m2\repository\org\seleniumhq\selenium\selenium-api\3.141.59\selenium-api-3.141.59.jar;C:\Users\дом\.m2\repository\org\seleniumhq\selenium\selenium-chrome-driver\3.141.59\selenium-chrome-driver-3.141.59.jar;C:\Users\дом\.m2\repository\org\seleniumhq\selenium\selenium-edge-driver\3.141.59\selenium-edge-driver-3.141.59.jar;C:\Users\дом\.m2\repository\org\seleniumhq\selenium\selenium-firefox-driver\3.141.59\selenium-firefox-driver-3.141.59.jar;C:\Users\дом\.m2\repository\org\seleniumhq\selenium\selenium-ie-driver\3.141.59\selenium-ie-driver-3.141.59.jar;C:\Users\дом\.m2\repository\org\seleniumhq\selenium\selenium-opera-driver\3.141.59\selenium-opera-driver-3.141.59.jar;C:\Users\дом\.m2\repository\org\seleniumhq\selenium\selenium-remote-driver\3.141.59\selenium-remote-driver-3.141.59.jar;C:\Users\дом\.m2\repository\org\seleniumhq\selenium\selenium-safari-driver\3.141.59\selenium-safari-driver-3.141.59.jar;C:\Users\дом\.m2\repository\org\seleniumhq\selenium\selenium-support\3.141.59\selenium-support-3.141.59.jar;C:\Users\дом\.m2\repository\net\bytebuddy\byte-buddy\1.8.15\byte-buddy-1.8.15.jar;C:\Users\дом\.m2\repository\org\apache\commons\commons-exec\1.3\commons-exec-1.3.jar;C:\Users\дом\.m2\repository\com\google\guava\guava\25.0-jre\guava-25.0-jre.jar;C:\Users\дом\.m2\repository\com\google\code\findbugs\jsr305\1.3.9\jsr305-1.3.9.jar;C:\Users\дом\.m2\repository\org\checkerframework\checker-compat-qual\2.0.0\checker-compat-qual-2.0.0.jar;C:\Users\дом\.m2\repository\com\google\errorprone\error_prone_annotations\2.1.3\error_prone_annotations-2.1.3.jar;C:\Users\дом\.m2\repository\com\google\j2objc\j2objc-annotations\1.1\j2objc-annotations-1.1.jar;C:\Users\дом\.m2\repository\org\codehaus\mojo\animal-sniffer-annotations\1.14\animal-sniffer-annotations-1.14.jar;C:\Users\дом\.m2\repository\com\squareup\okhttp3\okhttp\3.11.0\okhttp-3.11.0.jar;C:\Users\дом\.m2\repository\com\squareup\okio\okio\1.14.0\okio-1.14.0.jar;C:\Users\дом\.m2\repository\io\github\bonigarcia\webdrivermanager\5.1.0\webdrivermanager-5.1.0.jar;C:\Users\дом\.m2\repository\org\slf4j\slf4j-api\1.7.36\slf4j-api-1.7.36.jar;C:\Users\дом\.m2\repository\com\google\code\gson\gson\2.9.0\gson-2.9.0.jar;C:\Users\дом\.m2\repository\com\github\docker-java\docker-java\3.2.13\docker-java-3.2.13.jar;C:\Users\дом\.m2\repository\com\github\docker-java\docker-java-core\3.2.13\docker-java-core-3.2.13.jar;C:\Users\дом\.m2\repository\com\github\docker-java\docker-java-api\3.2.13\docker-java-api-3.2.13.jar;C:\Users\дом\.m2\repository\org\apache\commons\commons-compress\1.21\commons-compress-1.21.jar;C:\Users\дом\.m2\repository\org\bouncycastle\bcpkix-jdk15on\1.64\bcpkix-jdk15on-1.64.jar;C:\Users\дом\.m2\repository\org\bouncycastle\bcprov-jdk15on\1.64\bcprov-jdk15on-1.64.jar;C:\Users\дом\.m2\repository\org\slf4j\jcl-over-slf4j\1.7.30\jcl-over-slf4j-1.7.30.jar;C:\Users\дом\.m2\repository\com\github\docker-java\docker-java-transport-httpclient5\3.2.13\docker-java-transport-httpclient5-3.2.13.jar;C:\Users\дом\.m2\repository\com\github\docker-java\docker-java-transport\3.2.13\docker-java-transport-3.2.13.jar;C:\Users\дом\.m2\repository\org\apache\httpcomponents\client5\httpclient5\5.0.3\httpclient5-5.0.3.jar;C:\Users\дом\.m2\repository\org\apache\httpcomponents\core5\httpcore5\5.0.2\httpcore5-5.0.2.jar;C:\Users\дом\.m2\repository\net\java\dev\jna\jna\5.8.0\jna-5.8.0.jar;C:\Users\дом\.m2\repository\org\brotli\dec\0.1.2\dec-0.1.2.jar;C:\Users\дом\.m2\repository\org\apache\commons\commons-lang3\3.12.0\commons-lang3-3.12.0.jar;C:\Users\дом\.m2\repository\io\qameta\allure\allure-testng\2.7.0\allure-testng-2.7.0.jar;C:\Users\дом\.m2\repository\io\qameta\allure\allure-descriptions-javadoc\2.7.0\allure-descriptions-javadoc-2.7.0.jar;C:\Users\дом\.m2\repository\commons-io\commons-io\2.6\commons-io-2.6.jar;C:\Users\дом\.m2\repository\io\qameta\allure\allure-java-commons\2.7.0\allure-java-commons-2.7.0.jar;C:\Users\дом\.m2\repository\io\qameta\allure\allure2-model-api\1.0.0\allure2-model-api-1.0.0.jar;C:\Users\дом\.m2\repository\io\qameta\allure\allure2-model-pojo\1.0.0\allure2-model-pojo-1.0.0.jar;C:\Users\дом\.m2\repository\org\apache\tika\tika-core\1.14\tika-core-1.14.jar;C:\Users\дом\.m2\repository\io\qameta\allure\allure2-model-jackson\1.0.0\allure2-model-jackson-1.0.0.jar;C:\Users\дом\.m2\repository\com\fasterxml\jackson\module\jackson-module-jaxb-annotations\2.7.0\jackson-module-jaxb-annotations-2.7.0.jar;C:\Users\дом\.m2\repository\org\aspectj\aspectjrt\1.9.1\aspectjrt-1.9.1.jar;C:\Users\дом\.m2\repository\org\jooq\joor-java-8\0.9.9\joor-java-8-0.9.9.jar;C:\Users\дом\.m2\repository\org\aspectj\aspectjweaver\1.9.6\aspectjweaver-1.9.6.jar;C:\Users\дом\.m2\repository\org\apache\logging\log4j\log4j-core\2.17.2\log4j-core-2.17.2.jar;C:\Users\дом\.m2\repository\org\apache\logging\log4j\log4j-api\2.17.2\log4j-api-2.17.2.jar;C:\Users\дом\.m2\repository\com\fasterxml\jackson\dataformat\jackson-dataformat-yaml\2.13.2\jackson-dataformat-yaml-2.13.2.jar;C:\Users\дом\.m2\repository\com\fasterxml\jackson\core\jackson-databind\2.13.2\jackson-databind-2.13.2.jar;C:\Users\дом\.m2\repository\com\fasterxml\jackson\core\jackson-annotations\2.13.2\jackson-annotations-2.13.2.jar;C:\Users\дом\.m2\repository\org\yaml\snakeyaml\1.30\snakeyaml-1.30.jar;C:\Users\дом\.m2\repository\com\fasterxml\jackson\core\jackson-core\2.13.2\jackson-core-2.13.2.jar;C:\Users\дом\.m2\repository\org\slf4j\slf4j-reload4j\1.7.35\slf4j-reload4j-1.7.35.jar;C:\Users\дом\.m2\repository\ch\qos\reload4j\reload4j\1.2.18.3\reload4j-1.2.18.3.jar;C:\Users\дом\.m2\repository\io\rest-assured\rest-assured\4.4.0\rest-assured-4.4.0.jar;C:\Users\дом\.m2\repository\org\codehaus\groovy\groovy\3.0.8\groovy-3.0.8.jar;C:\Users\дом\.m2\repository\org\codehaus\groovy\groovy-xml\3.0.8\groovy-xml-3.0.8.jar;C:\Users\дом\.m2\repository\org\apache\httpcomponents\httpclient\4.5.13\httpclient-4.5.13.jar;C:\Users\дом\.m2\repository\org\apache\httpcomponents\httpcore\4.4.13\httpcore-4.4.13.jar;C:\Users\дом\.m2\repository\commons-logging\commons-logging\1.2\commons-logging-1.2.jar;C:\Users\дом\.m2\repository\commons-codec\commons-codec\1.11\commons-codec-1.11.jar;C:\Users\дом\.m2\repository\org\apache\httpcomponents\httpmime\4.5.13\httpmime-4.5.13.jar;C:\Users\дом\.m2\repository\org\hamcrest\hamcrest\2.1\hamcrest-2.1.jar;C:\Users\дом\.m2\repository\org\ccil\cowan\tagsoup\tagsoup\1.2.1\tagsoup-1.2.1.jar;C:\Users\дом\.m2\repository\io\rest-assured\json-path\4.4.0\json-path-4.4.0.jar;C:\Users\дом\.m2\repository\org\codehaus\groovy\groovy-json\3.0.8\groovy-json-3.0.8.jar;C:\Users\дом\.m2\repository\io\rest-assured\rest-assured-common\4.4.0\rest-assured-common-4.4.0.jar;C:\Users\дом\.m2\repository\io\rest-assured\xml-path\4.4.0\xml-path-4.4.0.jar;C:\Users\дом\.m2\repository\jakarta\xml\bind\jakarta.xml.bind-api\2.3.3\jakarta.xml.bind-api-2.3.3.jar;C:\Users\дом\.m2\repository\jakarta\activation\jakarta.activation-api\1.2.2\jakarta.activation-api-1.2.2.jar;C:\Users\дом\.m2\repository\com\sun\xml\bind\jaxb-impl\2.3.3\jaxb-impl-2.3.3.jar;C:\Users\дом\.m2\repository\org\projectlombok\lombok\1.18.22\lombok-1.18.22.jar;"/>
    <property name="sun.cpu.endian" value="little"/>
    <property name="user.home" value="C:\Users\дом"/>
    <property name="user.language" value="ru"/>
    <property name="java.specification.vendor" value="Oracle Corporation"/>
    <property name="java.home" value="C:\Program Files\Java\jdk1.8.0_333\jre"/>
    <property name="basedir" value="C:\Users\дом\Prestashop"/>
    <property name="file.separator" value="\"/>
    <property name="line.separator" value="&#10;"/>
    <property name="java.vm.specification.vendor" value="Oracle Corporation"/>
    <property name="java.specification.name" value="Java Platform API Specification"/>
    <property name="java.awt.graphicsenv" value="sun.awt.Win32GraphicsEnvironment"/>
    <property name="surefire.real.class.path" value="C:\Users\дом\AppData\Local\Temp\surefire1133114959067326995\surefirebooter2789661336808580520.jar;C:\Users\дом\.m2\repository/org/aspectj/aspectjweaver/1.9.6/aspectjweaver-1.9.6.jar"/>
    <property name="sun.boot.class.path" value="C:\Program Files\Java\jdk1.8.0_333\jre\lib\resources.jar;C:\Program Files\Java\jdk1.8.0_333\jre\lib\rt.jar;C:\Program Files\Java\jdk1.8.0_333\jre\lib\sunrsasign.jar;C:\Program Files\Java\jdk1.8.0_333\jre\lib\jsse.jar;C:\Program Files\Java\jdk1.8.0_333\jre\lib\jce.jar;C:\Program Files\Java\jdk1.8.0_333\jre\lib\charsets.jar;C:\Program Files\Java\jdk1.8.0_333\jre\lib\jfr.jar;C:\Program Files\Java\jdk1.8.0_333\jre\classes"/>
    <property name="user.script" value=""/>
    <property name="sun.management.compiler" value="HotSpot 64-Bit Tiered Compilers"/>
    <property name="java.runtime.version" value="1.8.0_333-b02"/>
    <property name="user.name" value="дом"/>
    <property name="path.separator" value=";"/>
    <property name="os.version" value="6.1"/>
    <property name="java.endorsed.dirs" value="C:\Program Files\Java\jdk1.8.0_333\jre\lib\endorsed"/>
    <property name="java.runtime.name" value="Java(TM) SE Runtime Environment"/>
    <property name="file.encoding" value="Cp1251"/>
    <property name="browser" value="chrome"/>
    <property name="java.vm.name" value="Java HotSpot(TM) 64-Bit Server VM"/>
    <property name="localRepository" value="C:\Users\дом\.m2\repository"/>
    <property name="java.vendor.url.bug" value="http://bugreport.sun.com/bugreport/"/>
    <property name="java.io.tmpdir" value="C:\Users\BD18~1\AppData\Local\Temp\"/>
    <property name="idea.version" value="2021.3.3"/>
    <property name="java.version" value="1.8.0_333"/>
    <property name="user.dir" value="C:\Users\дом\Prestashop"/>
    <property name="os.arch" value="amd64"/>
    <property name="java.vm.specification.name" value="Java Virtual Machine Specification"/>
    <property name="java.awt.printerjob" value="sun.awt.windows.WPrinterJob"/>
    <property name="sun.os.patch.level" value="Service Pack 1"/>
    <property name="java.library.path" value="C:\Program Files\Java\jdk1.8.0_333\jre\bin;C:\Windows\Sun\Java\bin;C:\Windows\system32;C:\Windows;C:\Program Files (x86)\Common Files\Oracle\Java\javapath;C:\apache-maven-3.8.5\bin;C:\Program Files\Git\cmd;C:\Program Files (x86)\MySQL\MySQL Server 5.5\bin;C:\Program Files\Java\jdk1.8.0_333\bin;C:\apache-maven-3.8.5\bin;."/>
    <property name="java.vm.info" value="mixed mode"/>
    <property name="java.vendor" value="Oracle Corporation"/>
    <property name="java.vm.version" value="25.333-b02"/>
    <property name="java.ext.dirs" value="C:\Program Files\Java\jdk1.8.0_333\jre\lib\ext;C:\Windows\Sun\Java\lib\ext"/>
    <property name="sun.io.unicode.encoding" value="UnicodeLittle"/>
    <property name="java.class.version" value="52.0"/>
  </properties>
  <testcase name="createAccountTest" classname="org.tms.test.CreateAccountTest" time="14.369">
    <system-out><![CDATA[======================================== STARTING TEST createAccountTest ========================================
======================================== STARTING TEST createAccountTest ========================================
======================================== STARTING TEST createAccountTest ========================================
======================================== STARTING TEST createAccountTest ========================================
======================================== STARTING TEST createAccountTest ========================================
======================================== STARTING TEST createAccountTest ========================================
======================================== STARTING TEST createAccountTest ========================================
======================================== STARTING TEST createAccountTest ========================================
======================================== STARTING TEST createAccountTest ========================================
2022-06-15 10:19:32.150 INFO [TestNG-test=CreateAccountTest-1] [org.tms.page.LoginPage] - Opening page by URL
2022-06-15 10:19:36.317 INFO [TestNG-test=CreateAccountTest-1] [org.tms.page.LoginPage] - Entering email address to create
2022-06-15 10:19:40.306 INFO [TestNG-test=CreateAccountTest-1] [org.tms.page.LoginPage] - Clicking the button create
======================================== FINISHED TEST createAccountTest Duration: 14s ========================================
]]></system-out>
    <system-err><![CDATA[log4j:WARN No appenders could be found for logger (io.github.bonigarcia.wdm.cache.ResolutionCache).
log4j:WARN Please initialize the log4j system properly.
log4j:WARN See http://logging.apache.org/log4j/1.2/faq.html#noconfig for more info.
Starting ChromeDriver 102.0.5005.61 (0e59bcc00cc4985ce39ad31c150065f159d95ad3-refs/branch-heads/5005@{#819}) on port 32628
Only local connections are allowed.
Please see https://chromedriver.chromium.org/security-considerations for suggestions on keeping ChromeDriver safe.
ChromeDriver was started successfully.
июн 15, 2022 10:19:29 AM org.openqa.selenium.remote.ProtocolHandshake createSession
INFO: Detected dialect: W3C
]]></system-err>
  </testcase>
  <testcase name="loginTest" classname="org.tms.test.LoginPageTest" time="4.426">
    <system-out><![CDATA[======================================== FINISHED TEST createAccountTest Duration: 14s ========================================
======================================== FINISHED TEST createAccountTest Duration: 14s ========================================
======================================== FINISHED TEST createAccountTest Duration: 14s ========================================
======================================== FINISHED TEST createAccountTest Duration: 14s ========================================
======================================== FINISHED TEST createAccountTest Duration: 14s ========================================
======================================== FINISHED TEST createAccountTest Duration: 14s ========================================
======================================== FINISHED TEST createAccountTest Duration: 14s ========================================
======================================== FINISHED TEST createAccountTest Duration: 14s ========================================
======================================== STARTING TEST loginTest ========================================
======================================== STARTING TEST loginTest ========================================
======================================== STARTING TEST loginTest ========================================
======================================== STARTING TEST loginTest ========================================
======================================== STARTING TEST loginTest ========================================
======================================== STARTING TEST loginTest ========================================
======================================== STARTING TEST loginTest ========================================
======================================== STARTING TEST loginTest ========================================
2022-06-15 10:19:58.974 INFO [TestNG-test=LoginPageTest-1] [org.tms.page.LoginPage] - Opening page by URL
2022-06-15 10:20:01.140 INFO [TestNG-test=LoginPageTest-1] [org.tms.page.LoginPage] - Entering email address
2022-06-15 10:20:01.372 INFO [TestNG-test=LoginPageTest-1] [org.tms.page.LoginPage] - Entering  password
2022-06-15 10:20:01.541 INFO [TestNG-test=LoginPageTest-1] [org.tms.page.LoginPage] - Clicking the sing in button
2022-06-15 10:20:03.333 INFO [TestNG-test=LoginPageTest-1] [org.tms.page.MyAccountPage] - Getting the page name
======================================== FINISHED TEST loginTest Duration: 4s ========================================
]]></system-out>
    <system-err><![CDATA[Starting ChromeDriver 102.0.5005.61 (0e59bcc00cc4985ce39ad31c150065f159d95ad3-refs/branch-heads/5005@{#819}) on port 4654
Only local connections are allowed.
Please see https://chromedriver.chromium.org/security-considerations for suggestions on keeping ChromeDriver safe.
ChromeDriver was started successfully.
июн 15, 2022 10:19:58 AM org.openqa.selenium.remote.ProtocolHandshake createSession
INFO: Detected dialect: W3C
]]></system-err>
  </testcase>
  <testcase name="createAddressTest" classname="org.tms.test.AddressPageTest" time="9.614">
    <system-out><![CDATA[======================================== FINISHED TEST loginTest Duration: 4s ========================================
======================================== FINISHED TEST loginTest Duration: 4s ========================================
======================================== FINISHED TEST loginTest Duration: 4s ========================================
======================================== FINISHED TEST loginTest Duration: 4s ========================================
======================================== FINISHED TEST loginTest Duration: 4s ========================================
======================================== FINISHED TEST loginTest Duration: 4s ========================================
======================================== FINISHED TEST loginTest Duration: 4s ========================================
======================================== STARTING TEST createAddressTest ========================================
======================================== STARTING TEST createAddressTest ========================================
======================================== STARTING TEST createAddressTest ========================================
======================================== STARTING TEST createAddressTest ========================================
======================================== STARTING TEST createAddressTest ========================================
======================================== STARTING TEST createAddressTest ========================================
======================================== STARTING TEST createAddressTest ========================================
2022-06-15 10:20:15.593 INFO [TestNG-test=AddressPageTest-1] [org.tms.page.LoginPage] - Opening page by URL
2022-06-15 10:20:17.196 INFO [TestNG-test=AddressPageTest-1] [org.tms.page.LoginPage] - Entering email address
2022-06-15 10:20:17.415 INFO [TestNG-test=AddressPageTest-1] [org.tms.page.LoginPage] - Entering  password
2022-06-15 10:20:17.609 INFO [TestNG-test=AddressPageTest-1] [org.tms.page.LoginPage] - Clicking the sing in button
2022-06-15 10:20:19.227 INFO [TestNG-test=AddressPageTest-1] [org.tms.page.AddressPage] - Open address page by URL
2022-06-15 10:20:20.604 INFO [TestNG-test=AddressPageTest-1] [org.tms.page.AddressPage] - Entering a name
2022-06-15 10:20:20.861 INFO [TestNG-test=AddressPageTest-1] [org.tms.page.AddressPage] - Entering a last name
2022-06-15 10:20:21.062 INFO [TestNG-test=AddressPageTest-1] [org.tms.page.AddressPage] - Entering an address
2022-06-15 10:20:21.214 INFO [TestNG-test=AddressPageTest-1] [org.tms.page.AddressPage] - Entering a zip code
2022-06-15 10:20:21.449 INFO [TestNG-test=AddressPageTest-1] [org.tms.page.AddressPage] - Entering a name of the city
2022-06-15 10:20:21.604 INFO [TestNG-test=AddressPageTest-1] [org.tms.page.AddressPage] - Choosing a country
2022-06-15 10:20:22.656 INFO [TestNG-test=AddressPageTest-1] [org.tms.page.AddressPage] - Entering a home phone
2022-06-15 10:20:22.828 INFO [TestNG-test=AddressPageTest-1] [org.tms.page.AddressPage] - Choosing a state
2022-06-15 10:20:23.148 INFO [TestNG-test=AddressPageTest-1] [org.tms.page.AddressPage] - Entering a title of address
2022-06-15 10:20:23.292 INFO [TestNG-test=AddressPageTest-1] [org.tms.page.AddressPage] - Clicking on the save button
2022-06-15 10:20:24.917 INFO [TestNG-test=AddressPageTest-1] [org.tms.page.AddressPage] - Getting a text of name of address
======================================== FINISHED TEST createAddressTest Duration: 9s ========================================
]]></system-out>
    <system-err><![CDATA[Starting ChromeDriver 102.0.5005.61 (0e59bcc00cc4985ce39ad31c150065f159d95ad3-refs/branch-heads/5005@{#819}) on port 34729
Only local connections are allowed.
Please see https://chromedriver.chromium.org/security-considerations for suggestions on keeping ChromeDriver safe.
ChromeDriver was started successfully.
июн 15, 2022 10:20:15 AM org.openqa.selenium.remote.ProtocolHandshake createSession
INFO: Detected dialect: W3C
]]></system-err>
  </testcase>
  <testcase name="deleteAddressTest" classname="org.tms.test.AddressPageTest" time="7.085">
    <system-out><![CDATA[======================================== FINISHED TEST createAddressTest Duration: 9s ========================================
======================================== FINISHED TEST createAddressTest Duration: 9s ========================================
======================================== FINISHED TEST createAddressTest Duration: 9s ========================================
======================================== FINISHED TEST createAddressTest Duration: 9s ========================================
======================================== FINISHED TEST createAddressTest Duration: 9s ========================================
======================================== FINISHED TEST createAddressTest Duration: 9s ========================================
======================================== STARTING TEST deleteAddressTest ========================================
======================================== STARTING TEST deleteAddressTest ========================================
======================================== STARTING TEST deleteAddressTest ========================================
======================================== STARTING TEST deleteAddressTest ========================================
======================================== STARTING TEST deleteAddressTest ========================================
======================================== STARTING TEST deleteAddressTest ========================================
======================================== STARTING TEST deleteAddressTest ========================================
2022-06-15 10:20:25.201 INFO [TestNG-test=AddressPageTest-1] [org.tms.page.AddressPage] - Open address page by URL
2022-06-15 10:20:26.260 INFO [TestNG-test=AddressPageTest-1] [org.tms.page.AddressPage] - Clicking on the delete address button
2022-06-15 10:20:28.833 INFO [TestNG-test=AddressPageTest-1] [org.tms.page.AddressPage] - Getting text from the button (for assert)
2022-06-15 10:20:30.729 INFO [TestNG-test=AddressPageTest-1] [org.tms.page.AddressPage] - Clicking on the logout button
======================================== FINISHED TEST deleteAddressTest Duration: 7s ========================================
]]></system-out>
  </testcase>
  <testcase name="createAddressFalseTest" classname="org.tms.test.AddressPageFalseTest" time="32.143">
    <failure message="Expected condition failed: waiting for visibility of Proxy element for: DefaultElementLocator &apos;By.xpath: //h3[@class=&apos;page-subheading&apos;]&apos; (tried for 15 second(s) with 500 milliseconds interval)" type="org.openqa.selenium.TimeoutException"><![CDATA[org.openqa.selenium.TimeoutException: Expected condition failed: waiting for visibility of Proxy element for: DefaultElementLocator 'By.xpath: //h3[@class='page-subheading']' (tried for 15 second(s) with 500 milliseconds interval)
	at org.tms.test.AddressPageFalseTest.createAddressFalseTest(AddressPageFalseTest.java:18)
Caused by: org.openqa.selenium.NoSuchElementException: 
no such element: Unable to locate element: {"method":"xpath","selector":"//h3[@class='page-subheading']"}
  (Session info: chrome=102.0.5005.115)
For documentation on this error, please visit: https://www.seleniumhq.org/exceptions/no_such_element.html
Build info: version: '3.141.59', revision: 'e82be7d358', time: '2018-11-14T08:17:03'
System info: host: 'WIN-L3KRA4BUOOR', ip: '192.168.0.103', os.name: 'Windows 7', os.arch: 'amd64', os.version: '6.1', java.version: '1.8.0_333'
Driver info: org.openqa.selenium.chrome.ChromeDriver
Capabilities {acceptInsecureCerts: false, browserName: chrome, browserVersion: 102.0.5005.115, chrome: {chromedriverVersion: 102.0.5005.61 (0e59bcc00cc4..., userDataDir: C:\Users\BD18~1\AppData\Loc...}, goog:chromeOptions: {debuggerAddress: localhost:52287}, javascriptEnabled: true, networkConnectionEnabled: false, pageLoadStrategy: normal, platform: WINDOWS, platformName: WINDOWS, proxy: Proxy(), setWindowRect: true, strictFileInteractability: false, timeouts: {implicit: 0, pageLoad: 300000, script: 30000}, unhandledPromptBehavior: dismiss and notify, webauthn:extension:credBlob: true, webauthn:extension:largeBlob: true, webauthn:virtualAuthenticators: true}
Session ID: 6dbd805bdbab0aa51d1404d158c57d2e
*** Element info: {Using=xpath, value=//h3[@class='page-subheading']}
	at org.tms.test.AddressPageFalseTest.createAddressFalseTest(AddressPageFalseTest.java:18)
]]></failure>
    <system-out><![CDATA[======================================== FINISHED TEST deleteAddressTest Duration: 7s ========================================
======================================== FINISHED TEST deleteAddressTest Duration: 7s ========================================
======================================== FINISHED TEST deleteAddressTest Duration: 7s ========================================
======================================== FINISHED TEST deleteAddressTest Duration: 7s ========================================
======================================== FINISHED TEST deleteAddressTest Duration: 7s ========================================
======================================== FINISHED TEST deleteAddressTest Duration: 7s ========================================
======================================== STARTING TEST createAddressFalseTest ========================================
======================================== STARTING TEST createAddressFalseTest ========================================
======================================== STARTING TEST createAddressFalseTest ========================================
======================================== STARTING TEST createAddressFalseTest ========================================
======================================== STARTING TEST createAddressFalseTest ========================================
======================================== STARTING TEST createAddressFalseTest ========================================
2022-06-15 10:20:38.318 INFO [TestNG-test=AddressPageFalseTest-1] [org.tms.page.LoginPage] - Opening page by URL
2022-06-15 10:20:46.840 INFO [TestNG-test=AddressPageFalseTest-1] [org.tms.page.LoginPage] - Entering email address
2022-06-15 10:20:47.098 INFO [TestNG-test=AddressPageFalseTest-1] [org.tms.page.LoginPage] - Entering  password
2022-06-15 10:20:47.276 INFO [TestNG-test=AddressPageFalseTest-1] [org.tms.page.LoginPage] - Clicking the sing in button
2022-06-15 10:20:49.775 INFO [TestNG-test=AddressPageFalseTest-1] [org.tms.page.AddressPage] - Open address page by URL
2022-06-15 10:20:50.947 INFO [TestNG-test=AddressPageFalseTest-1] [org.tms.page.AddressPage] - Entering a name
2022-06-15 10:20:51.103 INFO [TestNG-test=AddressPageFalseTest-1] [org.tms.page.AddressPage] - Entering a last name
2022-06-15 10:20:51.305 INFO [TestNG-test=AddressPageFalseTest-1] [org.tms.page.AddressPage] - Entering an address
2022-06-15 10:20:51.485 INFO [TestNG-test=AddressPageFalseTest-1] [org.tms.page.AddressPage] - Entering a zip code false
2022-06-15 10:20:51.701 INFO [TestNG-test=AddressPageFalseTest-1] [org.tms.page.AddressPage] - Entering a name of the city
2022-06-15 10:20:51.866 INFO [TestNG-test=AddressPageFalseTest-1] [org.tms.page.AddressPage] - Choosing a country
2022-06-15 10:20:52.201 INFO [TestNG-test=AddressPageFalseTest-1] [org.tms.page.AddressPage] - Entering a home phone
2022-06-15 10:20:52.359 INFO [TestNG-test=AddressPageFalseTest-1] [org.tms.page.AddressPage] - Choosing a state
2022-06-15 10:20:52.630 INFO [TestNG-test=AddressPageFalseTest-1] [org.tms.page.AddressPage] - Clicking on the save button
2022-06-15 10:20:54.795 INFO [TestNG-test=AddressPageFalseTest-1] [org.tms.page.AddressPage] - Getting a text modify Address
======================================== FAILED TEST createAddressFalseTest Duration: 31s ========================================
]]></system-out>
    <system-err><![CDATA[Starting ChromeDriver 102.0.5005.61 (0e59bcc00cc4985ce39ad31c150065f159d95ad3-refs/branch-heads/5005@{#819}) on port 10077
Only local connections are allowed.
Please see https://chromedriver.chromium.org/security-considerations for suggestions on keeping ChromeDriver safe.
ChromeDriver was started successfully.
июн 15, 2022 10:20:38 AM org.openqa.selenium.remote.ProtocolHandshake createSession
INFO: Detected dialect: W3C
]]></system-err>
  </testcase>
  <testcase name="changeTheLanguageOnTheWebsiteTest" classname="org.tms.test.ChangeLanguagePageTest" time="12.284">
    <system-out><![CDATA[======================================== FAILED TEST createAddressFalseTest Duration: 31s ========================================
======================================== FAILED TEST createAddressFalseTest Duration: 31s ========================================
======================================== FAILED TEST createAddressFalseTest Duration: 31s ========================================
======================================== FAILED TEST createAddressFalseTest Duration: 31s ========================================
======================================== FAILED TEST createAddressFalseTest Duration: 31s ========================================
======================================== STARTING TEST changeTheLanguageOnTheWebsiteTest ========================================
======================================== STARTING TEST changeTheLanguageOnTheWebsiteTest ========================================
======================================== STARTING TEST changeTheLanguageOnTheWebsiteTest ========================================
======================================== STARTING TEST changeTheLanguageOnTheWebsiteTest ========================================
======================================== STARTING TEST changeTheLanguageOnTheWebsiteTest ========================================
2022-06-15 10:21:16.655 INFO [TestNG-test=ChangeLanguagePageTest-1] [org.tms.page.LoginPage] - Opening page by URL
2022-06-15 10:21:21.399 INFO [TestNG-test=ChangeLanguagePageTest-1] [org.tms.page.LoginPage] - Entering email address
2022-06-15 10:21:21.631 INFO [TestNG-test=ChangeLanguagePageTest-1] [org.tms.page.LoginPage] - Entering  password
2022-06-15 10:21:21.795 INFO [TestNG-test=ChangeLanguagePageTest-1] [org.tms.page.LoginPage] - Clicking the sing in button
2022-06-15 10:21:24.207 INFO [TestNG-test=ChangeLanguagePageTest-1] [org.tms.page.MyAccountPage] - Clicking the language list
2022-06-15 10:21:24.300 INFO [TestNG-test=ChangeLanguagePageTest-1] [org.tms.page.MyAccountPage] - Clicking on the language select
2022-06-15 10:21:26.664 INFO [TestNG-test=ChangeLanguagePageTest-1] [org.tms.page.MyAccountPage] - Clicking button sign out
2022-06-15 10:21:28.876 INFO [TestNG-test=ChangeLanguagePageTest-1] [org.tms.page.MyAccountPage] - Getting language received on the top line
======================================== FINISHED TEST changeTheLanguageOnTheWebsiteTest Duration: 12s ========================================
]]></system-out>
    <system-err><![CDATA[Starting ChromeDriver 102.0.5005.61 (0e59bcc00cc4985ce39ad31c150065f159d95ad3-refs/branch-heads/5005@{#819}) on port 18609
Only local connections are allowed.
Please see https://chromedriver.chromium.org/security-considerations for suggestions on keeping ChromeDriver safe.
ChromeDriver was started successfully.
июн 15, 2022 10:21:15 AM org.openqa.selenium.remote.ProtocolHandshake createSession
INFO: Detected dialect: W3C
]]></system-err>
  </testcase>
  <testcase name="changeTheLanguageOnTheWebsiteTest" classname="org.tms.test.ChangeCurrencyPageTest" time="6.861">
    <system-out><![CDATA[======================================== FINISHED TEST changeTheLanguageOnTheWebsiteTest Duration: 12s ========================================
======================================== FINISHED TEST changeTheLanguageOnTheWebsiteTest Duration: 12s ========================================
======================================== FINISHED TEST changeTheLanguageOnTheWebsiteTest Duration: 12s ========================================
======================================== FINISHED TEST changeTheLanguageOnTheWebsiteTest Duration: 12s ========================================
======================================== STARTING TEST changeTheLanguageOnTheWebsiteTest ========================================
======================================== STARTING TEST changeTheLanguageOnTheWebsiteTest ========================================
======================================== STARTING TEST changeTheLanguageOnTheWebsiteTest ========================================
======================================== STARTING TEST changeTheLanguageOnTheWebsiteTest ========================================
2022-06-15 10:21:32.826 INFO [TestNG-test=ChangeCurrencyPageTest-1] [org.tms.page.LoginPage] - Opening page by URL
2022-06-15 10:21:34.656 INFO [TestNG-test=ChangeCurrencyPageTest-1] [org.tms.page.LoginPage] - Entering email address
2022-06-15 10:21:34.854 INFO [TestNG-test=ChangeCurrencyPageTest-1] [org.tms.page.LoginPage] - Entering  password
2022-06-15 10:21:35.022 INFO [TestNG-test=ChangeCurrencyPageTest-1] [org.tms.page.LoginPage] - Clicking the sing in button
2022-06-15 10:21:37.069 INFO [TestNG-test=ChangeCurrencyPageTest-1] [org.tms.page.MyAccountPage] - Clicking the currency list
2022-06-15 10:21:37.180 INFO [TestNG-test=ChangeCurrencyPageTest-1] [org.tms.page.MyAccountPage] - Clicking on the currency select
2022-06-15 10:21:37.893 INFO [TestNG-test=ChangeCurrencyPageTest-1] [org.tms.page.MyAccountPage] - Clicking button sign out
2022-06-15 10:21:39.646 INFO [TestNG-test=ChangeCurrencyPageTest-1] [org.tms.page.MyAccountPage] - Getting currency received on the top line
======================================== FINISHED TEST changeTheLanguageOnTheWebsiteTest Duration: 6s ========================================
]]></system-out>
    <system-err><![CDATA[Starting ChromeDriver 102.0.5005.61 (0e59bcc00cc4985ce39ad31c150065f159d95ad3-refs/branch-heads/5005@{#819}) on port 26964
Only local connections are allowed.
Please see https://chromedriver.chromium.org/security-considerations for suggestions on keeping ChromeDriver safe.
ChromeDriver was started successfully.
июн 15, 2022 10:21:32 AM org.openqa.selenium.remote.ProtocolHandshake createSession
INFO: Detected dialect: W3C
]]></system-err>
  </testcase>
  <testcase name="addItemToCartTest" classname="org.tms.test.CartPageTest" time="24.11">
    <failure message="Expected condition failed: waiting for visibility of [[ChromeDriver: chrome on WINDOWS (b29651aa4549a095987dad32799894ef)] -&gt; xpath: //div[@class=&apos;button-container&apos;]//a[@data-id-product=&apos;1&apos;]] (tried for 15 second(s) with 500 milliseconds interval)&#10;Build info: version: &apos;3.141.59&apos;, revision: &apos;e82be7d358&apos;, time: &apos;2018-11-14T08:17:03&apos;&#10;System info: host: &apos;WIN-L3KRA4BUOOR&apos;, ip: &apos;192.168.0.103&apos;, os.name: &apos;Windows 7&apos;, os.arch: &apos;amd64&apos;, os.version: &apos;6.1&apos;, java.version: &apos;1.8.0_333&apos;&#10;Driver info: org.openqa.selenium.chrome.ChromeDriver&#10;Capabilities {acceptInsecureCerts: false, browserName: chrome, browserVersion: 102.0.5005.115, chrome: {chromedriverVersion: 102.0.5005.61 (0e59bcc00cc4..., userDataDir: C:\Users\BD18~1\AppData\Loc...}, goog:chromeOptions: {debuggerAddress: localhost:52362}, javascriptEnabled: true, networkConnectionEnabled: false, pageLoadStrategy: normal, platform: WINDOWS, platformName: WINDOWS, proxy: Proxy(), setWindowRect: true, strictFileInteractability: false, timeouts: {implicit: 0, pageLoad: 300000, script: 30000}, unhandledPromptBehavior: dismiss and notify, webauthn:extension:credBlob: true, webauthn:extension:largeBlob: true, webauthn:virtualAuthenticators: true}&#10;Session ID: b29651aa4549a095987dad32799894ef" type="org.openqa.selenium.TimeoutException"><![CDATA[org.openqa.selenium.TimeoutException: 
Expected condition failed: waiting for visibility of [[ChromeDriver: chrome on WINDOWS (b29651aa4549a095987dad32799894ef)] -> xpath: //div[@class='button-container']//a[@data-id-product='1']] (tried for 15 second(s) with 500 milliseconds interval)
Build info: version: '3.141.59', revision: 'e82be7d358', time: '2018-11-14T08:17:03'
System info: host: 'WIN-L3KRA4BUOOR', ip: '192.168.0.103', os.name: 'Windows 7', os.arch: 'amd64', os.version: '6.1', java.version: '1.8.0_333'
Driver info: org.openqa.selenium.chrome.ChromeDriver
Capabilities {acceptInsecureCerts: false, browserName: chrome, browserVersion: 102.0.5005.115, chrome: {chromedriverVersion: 102.0.5005.61 (0e59bcc00cc4..., userDataDir: C:\Users\BD18~1\AppData\Loc...}, goog:chromeOptions: {debuggerAddress: localhost:52362}, javascriptEnabled: true, networkConnectionEnabled: false, pageLoadStrategy: normal, platform: WINDOWS, platformName: WINDOWS, proxy: Proxy(), setWindowRect: true, strictFileInteractability: false, timeouts: {implicit: 0, pageLoad: 300000, script: 30000}, unhandledPromptBehavior: dismiss and notify, webauthn:extension:credBlob: true, webauthn:extension:largeBlob: true, webauthn:virtualAuthenticators: true}
Session ID: b29651aa4549a095987dad32799894ef
	at org.tms.test.CartPageTest.addItemToCartTest(CartPageTest.java:21)
]]></failure>
    <system-out><![CDATA[======================================== FINISHED TEST changeTheLanguageOnTheWebsiteTest Duration: 6s ========================================
======================================== FINISHED TEST changeTheLanguageOnTheWebsiteTest Duration: 6s ========================================
======================================== FINISHED TEST changeTheLanguageOnTheWebsiteTest Duration: 6s ========================================
======================================== STARTING TEST addItemToCartTest ========================================
======================================== STARTING TEST addItemToCartTest ========================================
======================================== STARTING TEST addItemToCartTest ========================================
2022-06-15 10:21:44.984 INFO [TestNG-test=CartPageTest-1] [org.tms.page.LoginPage] - Opening page by URL
2022-06-15 10:21:47.343 INFO [TestNG-test=CartPageTest-1] [org.tms.page.LoginPage] - Entering email address
2022-06-15 10:21:47.691 INFO [TestNG-test=CartPageTest-1] [org.tms.page.LoginPage] - Entering  password
2022-06-15 10:21:47.874 INFO [TestNG-test=CartPageTest-1] [org.tms.page.LoginPage] - Clicking the sing in button
2022-06-15 10:21:49.999 INFO [TestNG-test=CartPageTest-1] [org.tms.page.MyAccountPage] - Clicking button title Women
2022-06-15 10:21:53.717 INFO [TestNG-test=CartPageTest-1] [org.tms.page.WomenPage] - Clicking on the add to the cart button
======================================== FAILED TEST addItemToCartTest Duration: 23s ========================================
]]></system-out>
    <system-err><![CDATA[Starting ChromeDriver 102.0.5005.61 (0e59bcc00cc4985ce39ad31c150065f159d95ad3-refs/branch-heads/5005@{#819}) on port 4890
Only local connections are allowed.
Please see https://chromedriver.chromium.org/security-considerations for suggestions on keeping ChromeDriver safe.
ChromeDriver was started successfully.
июн 15, 2022 10:21:44 AM org.openqa.selenium.remote.ProtocolHandshake createSession
INFO: Detected dialect: W3C
]]></system-err>
  </testcase>
  <testcase name="checkoutOrderTest" classname="org.tms.test.CheckoutOrderPageTest" time="13.353">
    <failure message="no such element: Unable to locate element: {&quot;method&quot;:&quot;xpath&quot;,&quot;selector&quot;:&quot;//input[@id=&apos;email&apos;]&quot;}&#10;  (Session info: chrome=102.0.5005.115)&#10;For documentation on this error, please visit: https://www.seleniumhq.org/exceptions/no_such_element.html&#10;Build info: version: &apos;3.141.59&apos;, revision: &apos;e82be7d358&apos;, time: &apos;2018-11-14T08:17:03&apos;&#10;System info: host: &apos;WIN-L3KRA4BUOOR&apos;, ip: &apos;192.168.0.103&apos;, os.name: &apos;Windows 7&apos;, os.arch: &apos;amd64&apos;, os.version: &apos;6.1&apos;, java.version: &apos;1.8.0_333&apos;&#10;Driver info: org.openqa.selenium.chrome.ChromeDriver&#10;Capabilities {acceptInsecureCerts: false, browserName: chrome, browserVersion: 102.0.5005.115, chrome: {chromedriverVersion: 102.0.5005.61 (0e59bcc00cc4..., userDataDir: C:\Users\BD18~1\AppData\Loc...}, goog:chromeOptions: {debuggerAddress: localhost:52390}, javascriptEnabled: true, networkConnectionEnabled: false, pageLoadStrategy: normal, platform: WINDOWS, platformName: WINDOWS, proxy: Proxy(), setWindowRect: true, strictFileInteractability: false, timeouts: {implicit: 0, pageLoad: 300000, script: 30000}, unhandledPromptBehavior: dismiss and notify, webauthn:extension:credBlob: true, webauthn:extension:largeBlob: true, webauthn:virtualAuthenticators: true}&#10;Session ID: d9d04c5ef2d59d8f3d1074fd99d2c5bd&#10;*** Element info: {Using=xpath, value=//input[@id=&apos;email&apos;]}" type="org.openqa.selenium.NoSuchElementException"><![CDATA[org.openqa.selenium.NoSuchElementException: 
no such element: Unable to locate element: {"method":"xpath","selector":"//input[@id='email']"}
  (Session info: chrome=102.0.5005.115)
For documentation on this error, please visit: https://www.seleniumhq.org/exceptions/no_such_element.html
Build info: version: '3.141.59', revision: 'e82be7d358', time: '2018-11-14T08:17:03'
System info: host: 'WIN-L3KRA4BUOOR', ip: '192.168.0.103', os.name: 'Windows 7', os.arch: 'amd64', os.version: '6.1', java.version: '1.8.0_333'
Driver info: org.openqa.selenium.chrome.ChromeDriver
Capabilities {acceptInsecureCerts: false, browserName: chrome, browserVersion: 102.0.5005.115, chrome: {chromedriverVersion: 102.0.5005.61 (0e59bcc00cc4..., userDataDir: C:\Users\BD18~1\AppData\Loc...}, goog:chromeOptions: {debuggerAddress: localhost:52390}, javascriptEnabled: true, networkConnectionEnabled: false, pageLoadStrategy: normal, platform: WINDOWS, platformName: WINDOWS, proxy: Proxy(), setWindowRect: true, strictFileInteractability: false, timeouts: {implicit: 0, pageLoad: 300000, script: 30000}, unhandledPromptBehavior: dismiss and notify, webauthn:extension:credBlob: true, webauthn:extension:largeBlob: true, webauthn:virtualAuthenticators: true}
Session ID: d9d04c5ef2d59d8f3d1074fd99d2c5bd
*** Element info: {Using=xpath, value=//input[@id='email']}
	at org.tms.test.CheckoutOrderPageTest.checkoutOrderTest(CheckoutOrderPageTest.java:22)
]]></failure>
    <system-out><![CDATA[======================================== FAILED TEST addItemToCartTest Duration: 23s ========================================
======================================== FAILED TEST addItemToCartTest Duration: 23s ========================================
======================================== STARTING TEST checkoutOrderTest ========================================
======================================== STARTING TEST checkoutOrderTest ========================================
2022-06-15 10:22:13.957 INFO [TestNG-test=CheckoutOrderPageTest-1] [org.tms.page.LoginPage] - Opening page by URL
2022-06-15 10:22:16.053 INFO [TestNG-test=CheckoutOrderPageTest-1] [org.tms.page.LoginPage] - Entering email address
2022-06-15 10:22:16.293 INFO [TestNG-test=CheckoutOrderPageTest-1] [org.tms.page.LoginPage] - Entering  password
2022-06-15 10:22:16.466 INFO [TestNG-test=CheckoutOrderPageTest-1] [org.tms.page.LoginPage] - Clicking the sing in button
2022-06-15 10:22:18.119 INFO [TestNG-test=CheckoutOrderPageTest-1] [org.tms.page.AddressPage] - Open address page by URL
2022-06-15 10:22:19.455 INFO [TestNG-test=CheckoutOrderPageTest-1] [org.tms.page.AddressPage] - Entering a name
2022-06-15 10:22:19.605 INFO [TestNG-test=CheckoutOrderPageTest-1] [org.tms.page.AddressPage] - Entering a last name
2022-06-15 10:22:19.783 INFO [TestNG-test=CheckoutOrderPageTest-1] [org.tms.page.AddressPage] - Entering an address
2022-06-15 10:22:19.937 INFO [TestNG-test=CheckoutOrderPageTest-1] [org.tms.page.AddressPage] - Entering a zip code
2022-06-15 10:22:20.084 INFO [TestNG-test=CheckoutOrderPageTest-1] [org.tms.page.AddressPage] - Entering a name of the city
2022-06-15 10:22:20.264 INFO [TestNG-test=CheckoutOrderPageTest-1] [org.tms.page.AddressPage] - Choosing a country
2022-06-15 10:22:20.565 INFO [TestNG-test=CheckoutOrderPageTest-1] [org.tms.page.AddressPage] - Entering a home phone
2022-06-15 10:22:20.733 INFO [TestNG-test=CheckoutOrderPageTest-1] [org.tms.page.AddressPage] - Choosing a state
2022-06-15 10:22:20.979 INFO [TestNG-test=CheckoutOrderPageTest-1] [org.tms.page.AddressPage] - Entering a title of address
2022-06-15 10:22:21.149 INFO [TestNG-test=CheckoutOrderPageTest-1] [org.tms.page.AddressPage] - Clicking on the save button
2022-06-15 10:22:25.701 INFO [TestNG-test=CheckoutOrderPageTest-1] [org.tms.page.LoginPage] - Opening page by URL
2022-06-15 10:22:27.019 INFO [TestNG-test=CheckoutOrderPageTest-1] [org.tms.page.LoginPage] - Entering email address
======================================== FAILED TEST checkoutOrderTest Duration: 13s ========================================
]]></system-out>
    <system-err><![CDATA[Starting ChromeDriver 102.0.5005.61 (0e59bcc00cc4985ce39ad31c150065f159d95ad3-refs/branch-heads/5005@{#819}) on port 17355
Only local connections are allowed.
Please see https://chromedriver.chromium.org/security-considerations for suggestions on keeping ChromeDriver safe.
ChromeDriver was started successfully.
июн 15, 2022 10:22:13 AM org.openqa.selenium.remote.ProtocolHandshake createSession
INFO: Detected dialect: W3C
]]></system-err>
  </testcase>
  <testcase name="loginSignOutTest" classname="org.tms.test.LoginSingOutTest" time="9.417">
    <system-out><![CDATA[======================================== FAILED TEST checkoutOrderTest Duration: 13s ========================================
======================================== STARTING TEST loginSignOutTest ========================================
2022-06-15 10:22:31.470 INFO [TestNG-test=LoginSingOutTest-1] [org.tms.page.LoginPage] - Opening page by URL
2022-06-15 10:22:33.415 INFO [TestNG-test=LoginSingOutTest-1] [org.tms.page.LoginPage] - Entering email address
2022-06-15 10:22:33.640 INFO [TestNG-test=LoginSingOutTest-1] [org.tms.page.LoginPage] - Entering  password
2022-06-15 10:22:33.811 INFO [TestNG-test=LoginSingOutTest-1] [org.tms.page.LoginPage] - Clicking the sing in button
2022-06-15 10:22:37.488 INFO [TestNG-test=LoginSingOutTest-1] [org.tms.page.MyAccountPage] - Clicking button sign out
2022-06-15 10:22:40.830 INFO [TestNG-test=LoginSingOutTest-1] [org.tms.page.LoginPage] - Getting name AuthenticationPage
======================================== FINISHED TEST loginSignOutTest Duration: 9s ========================================
]]></system-out>
    <system-err><![CDATA[Starting ChromeDriver 102.0.5005.61 (0e59bcc00cc4985ce39ad31c150065f159d95ad3-refs/branch-heads/5005@{#819}) on port 16695
Only local connections are allowed.
Please see https://chromedriver.chromium.org/security-considerations for suggestions on keeping ChromeDriver safe.
ChromeDriver was started successfully.
июн 15, 2022 10:22:31 AM org.openqa.selenium.remote.ProtocolHandshake createSession
INFO: Detected dialect: W3C
]]></system-err>
  </testcase>
</testsuite>